<?xml version="1.0" encoding="UTF-8"?>
<!-- Generated by org.testng.reporters.JUnitReportReporter -->
<testsuite hostname="SAG-9C0WTG3" failures="0" tests="1" name="testcases.DemoTest" time="0.015" errors="0" timestamp="2024-02-21T13:19:16 IST" skipped="0">
  <testcase classname="testcases.DemoTest" name="test" time="0.015"/>
</testsuite> <!-- testcases.DemoTest -->
