<?xml version="1.0" encoding="UTF-8"?>
<!-- Generated by org.testng.reporters.JUnitReportReporter -->
<testsuite hostname="SAG-9C0WTG3" failures="0" tests="2" name="testcases.LoginTest" time="28.096" errors="0" timestamp="2024-02-20T20:59:19 IST" skipped="0">
  <testcase classname="testcases.LoginTest" name="loginTest" time="7.812"/>
  <testcase classname="testcases.LoginTest" name="changeAccInformation" time="20.284"/>
</testsuite> <!-- testcases.LoginTest -->
