<?xml version="1.0" encoding="UTF-8"?>
<!-- Generated by org.testng.reporters.JUnitReportReporter -->
<testsuite hostname="SAG-9C0WTG3" failures="0" tests="1" name="rough.LoginTest" time="37.795" errors="0" timestamp="2024-02-20T20:03:16 IST" skipped="0">
  <testcase classname="rough.LoginTest" name="Test1" time="37.795"/>
</testsuite> <!-- rough.LoginTest -->
